::1 - - [03/Oct/2019:22:58:27 +0000] "GET /api/match HTTP/1.1" 200 51 "-" "PostmanRuntime/7.17.1"
::1 - - [03/Oct/2019:23:14:43 +0000] "GET /api/player HTTP/1.1" 200 51 "-" "PostmanRuntime/7.17.1"
::1 - - [03/Oct/2019:23:14:45 +0000] "GET /api/player HTTP/1.1" 200 51 "-" "PostmanRuntime/7.17.1"
::1 - - [03/Oct/2019:23:14:46 +0000] "GET /api/player HTTP/1.1" 200 51 "-" "PostmanRuntime/7.17.1"
::1 - - [03/Oct/2019:23:14:46 +0000] "GET /api/player HTTP/1.1" 200 51 "-" "PostmanRuntime/7.17.1"
::1 - - [03/Oct/2019:23:16:30 +0000] "GET /api/player HTTP/1.1" 200 51 "-" "PostmanRuntime/7.17.1"
::1 - - [03/Oct/2019:23:16:35 +0000] "GET /api/player/da HTTP/1.1" 404 20 "-" "PostmanRuntime/7.17.1"
::1 - - [03/Oct/2019:23:16:37 +0000] "GET /api/player/dasdfas HTTP/1.1" 404 25 "-" "PostmanRuntime/7.17.1"
::1 - - [03/Oct/2019:23:16:39 +0000] "GET /api/player/ HTTP/1.1" 200 51 "-" "PostmanRuntime/7.17.1"
::1 - - [03/Oct/2019:23:31:32 +0000] "GET /api/match HTTP/1.1" 200 51 "-" "PostmanRuntime/7.17.1"
::1 - - [03/Oct/2019:23:32:22 +0000] "GET /api/match HTTP/1.1" 200 524 "-" "PostmanRuntime/7.17.1"
::1 - - [03/Oct/2019:23:33:24 +0000] "GET /api/player HTTP/1.1" 200 51 "-" "PostmanRuntime/7.17.1"
::1 - - [03/Oct/2019:23:41:10 +0000] "GET /api/player HTTP/1.1" 200 421 "-" "PostmanRuntime/7.17.1"
::1 - - [03/Oct/2019:23:41:49 +0000] "GET /api/player/ HTTP/1.1" 200 421 "-" "PostmanRuntime/7.17.1"
::1 - - [03/Oct/2019:23:44:13 +0000] "GET /api/player HTTP/1.1" 200 421 "-" "PostmanRuntime/7.17.1"
::1 - - [03/Oct/2019:23:45:12 +0000] "GET /api/player HTTP/1.1" 200 600 "-" "PostmanRuntime/7.17.1"
::1 - - [30/Oct/2019:23:14:54 +0000] "GET /api/match HTTP/1.1" 200 51 "-" "PostmanRuntime/7.19.0"
::1 - - [30/Oct/2019:23:40:30 +0000] "GET /api/team HTTP/1.1" 200 51 "-" "PostmanRuntime/7.19.0"
::1 - - [30/Oct/2019:23:42:10 +0000] "GET /api/player HTTP/1.1" 200 231 "-" "PostmanRuntime/7.19.0"
::1 - - [30/Oct/2019:23:42:30 +0000] "GET /api/match HTTP/1.1" 200 271 "-" "PostmanRuntime/7.19.0"
::1 - - [31/Oct/2019:00:21:58 +0000] "GET /api/team HTTP/1.1" 200 324 "-" "PostmanRuntime/7.19.0"
::1 - - [06/Nov/2019:23:39:49 +0000] "GET /api/team HTTP/1.1" 200 51 "-" "PostmanRuntime/7.18.0"
::1 - - [06/Nov/2019:23:40:08 +0000] "GET /api/team HTTP/1.1" 200 51 "-" "PostmanRuntime/7.18.0"
::1 - - [06/Nov/2019:23:52:01 +0000] "GET /api/player HTTP/1.1" 200 51 "-" "PostmanRuntime/7.19.0"
::1 - - [06/Nov/2019:23:52:17 +0000] "GET /api/player HTTP/1.1" 200 231 "-" "PostmanRuntime/7.19.0"
::1 - - [06/Nov/2019:23:52:47 +0000] "GET /api/match HTTP/1.1" 200 1448 "-" "PostmanRuntime/7.19.0"
::1 - - [07/Nov/2019:00:20:54 +0000] "GET /api/team HTTP/1.1" 200 490 "-" "PostmanRuntime/7.19.0"
::1 - - [18/Nov/2019:22:57:05 +0000] "GET /api/player/me HTTP/1.1" 404 20 "-" "PostmanRuntime/7.19.0"
::1 - - [18/Nov/2019:22:57:16 +0000] "GET /api/player HTTP/1.1" 404 149 "-" "PostmanRuntime/7.19.0"
::1 - - [18/Nov/2019:22:57:17 +0000] "GET /api/player HTTP/1.1" 404 149 "-" "PostmanRuntime/7.19.0"
::1 - - [18/Nov/2019:22:57:22 +0000] "GET /api/player HTTP/1.1" 404 149 "-" "PostmanRuntime/7.19.0"
::1 - - [18/Nov/2019:23:03:20 +0000] "GET /api/auth HTTP/1.1" 404 147 "-" "PostmanRuntime/7.19.0"
::1 - - [18/Nov/2019:23:13:03 +0000] "POST /api/users HTTP/1.1" 404 149 "-" "PostmanRuntime/7.19.0"
::1 - - [18/Nov/2019:23:13:48 +0000] "POST /api/users HTTP/1.1" 404 149 "-" "PostmanRuntime/7.19.0"
::1 - - [18/Nov/2019:23:19:00 +0000] "POST /api/users HTTP/1.1" 404 149 "-" "PostmanRuntime/7.19.0"
::1 - - [18/Nov/2019:23:19:02 +0000] "POST /api/users HTTP/1.1" 404 149 "-" "PostmanRuntime/7.19.0"
::1 - - [19/Nov/2019:01:50:26 +0000] "GET /favicon.ico HTTP/1.1" 404 150 "http://localhost:3000/api/products" "Mozilla/5.0 (Windows NT 10.0; Win64; x64) AppleWebKit/537.36 (KHTML, like Gecko) Chrome/77.0.3865.120 Safari/537.36 OPR/64.0.3417.92"
::1 - - [27/Nov/2019:23:31:45 +0000] "GET /api/coco HTTP/1.1" 404 147 "-" "PostmanRuntime/7.20.1"
::1 - - [09/Dec/2019:22:26:55 +0000] "GET /api/player/5db0dc7969b3df08ece4ed2f HTTP/1.1" 404 174 "-" "PostmanRuntime/7.20.1"
::1 - - [09/Dec/2019:22:28:03 +0000] "GET /api/all HTTP/1.1" 404 146 "-" "PostmanRuntime/7.20.1"
::1 - - [09/Dec/2019:22:37:37 +0000] "GET /api/all HTTP/1.1" 404 146 "-" "PostmanRuntime/7.20.1"
::1 - - [09/Dec/2019:22:47:54 +0000] "GET /api/match HTTP/1.1" 404 148 "-" "PostmanRuntime/7.20.1"
::1 - - [09/Dec/2019:22:48:10 +0000] "POST /api/match HTTP/1.1" 404 149 "-" "PostmanRuntime/7.20.1"
::1 - - [09/Dec/2019:22:51:34 +0000] "POST /api/mat HTTP/1.1" 404 147 "-" "PostmanRuntime/7.20.1"
